Arguments: 
  C:\Program Files\nodejs\node.exe C:\Program Files (x86)\Yarn\bin\yarn.js add --dev jest

PATH: 
  C:\totvs\CorporeRM\API;C:\Program Files (x86)\Common Files\Oracle\Java\javapath;C:\Windows\System32;C:\Windows;C:\Windows\System32\wbem;C:\Windows\System32\WindowsPowerShell\v1.0\;C:\Program Files\Microsoft SQL Server\Client SDK\ODBC\110\Tools\Binn\;C:\Program Files (x86)\Microsoft SQL Server\120\Tools\Binn\ManagementStudio\;C:\Program Files (x86)\Microsoft SQL Server\120\Tools\Binn\;C:\Program Files\Microsoft SQL Server\120\Tools\Binn\;C:\Program Files (x86)\Microsoft SQL Server\120\DTS\Binn\;C:\Program Files\Microsoft SQL Server\120\DTS\Binn\;C:\Windows\System32\OpenSSH\;C:\Program Files (x86)\GnuPG\bin;C:\ProgramData\chocolatey\bin;C:\Program Files\nodejs\;C:\Program Files\Git\cmd;C:\Program Files\Git\mingw64\bin;C:\Program Files\Git\usr\bin;C:\Program Files (x86)\Yarn\bin\;C:\totvs\CorporeRM\API;C:\Users\isadorasouza\AppData\Local\Microsoft\WindowsApps;C:\Users\isadorasouza\AppData\Roaming\npm;C:\Users\isadorasouza\AppData\Local\Programs\Microsoft VS Code\bin;C:\Users\isadorasouza\AppData\Local\Yarn\bin

Yarn version: 
  1.22.4

Node version: 
  12.16.1

Platform: 
  win32 x64

Trace: 
  Error: read ECONNRESET
      at TLSWrap.onStreamRead (internal/stream_base_commons.js:205:27)

npm manifest: 
  {
    "name": "backend",
    "version": "1.0.0",
    "description": "",
    "main": "index.js",
    "scripts": {
      "start": "nodemon src/index.js"
    },
    "keywords": [],
    "author": "",
    "license": "ISC",
    "dependencies": {
      "cors": "^2.8.5",
      "express": "^4.17.1",
      "knex": "^0.20.13",
      "sqlite3": "^4.1.1"
    },
    "devDependencies": {
      "nodemon": "^2.0.2"
    }
  }

yarn manifest: 
  No manifest

Lockfile: 
  No lockfile
